# project  configured on Tue Mar  8 22:00:27 2016 by
# waf 1.7.11 (abi 98, python 20706f0 on linux2)
# using /home/mattkram/.pebble-sdk/SDKs/current/sdk-core/pebble/waf configure
#
----------------------------------------
Setting top to
/home/mattkram/dev/pebble/mileage-recorder
----------------------------------------
Setting out to
/home/mattkram/dev/pebble/mileage-recorder/build
----------------------------------------
Found Pebble SDK for chalk in:
/home/mattkram/.pebble-sdk/SDKs/current/sdk-core/pebble/chalk
----------------------------------------
Checking for program gcc,cc
arm-none-eabi-gcc
find program=['gcc', 'cc'] paths='' var='CC' -> 'arm-none-eabi-gcc'
----------------------------------------
Checking for program ar
arm-none-eabi-gcc-ar
find program=['ar'] paths='' var='AR' -> 'arm-none-eabi-gcc-ar'
